<?xml version="1.0" encoding="UTF-8"?>
<!-- Generated by org.testng.reporters.JUnitXMLReporter -->
<testsuite ignored="0" hostname="bb-system-3161" failures="0" tests="3" name="Test" time="12.338" errors="0" timestamp="2023-02-24T18:40:19 IST">
  <testcase classname="app_Tests.HomePageTest" name="homepageTest" time="3.944"/>
  <testcase classname="app_Tests.EmployerPageTest" name="homepageTest" time="3.58"/>
  <testcase classname="app_Tests.ContactPageTest" name="homepageTest" time="4.557"/>
</testsuite> <!-- Test -->
